nohup: ignoring input
USPG rollout length T=182 (default PEEnv.T=182; override with --horizon).
=== USPG repeat 1/10 ===
  epoch 1/1000  discounted utility (batch mean): 5.621835  | mean wealth pre/post rollout: 7.7217 -> 13.2378
  epoch 100/1000  discounted utility (batch mean): 5.353360  | mean wealth pre/post rollout: 7.1411 -> 7.5238
  epoch 200/1000  discounted utility (batch mean): 5.560328  | mean wealth pre/post rollout: 7.5619 -> 7.5851
  epoch 300/1000  discounted utility (batch mean): 5.573722  | mean wealth pre/post rollout: 7.5087 -> 7.5004
  epoch 400/1000  discounted utility (batch mean): 5.453027  | mean wealth pre/post rollout: 7.3633 -> 7.2112
  epoch 500/1000  discounted utility (batch mean): 5.311557  | mean wealth pre/post rollout: 7.2240 -> 7.2539
  epoch 600/1000  discounted utility (batch mean): 5.613797  | mean wealth pre/post rollout: 7.5893 -> 7.2875
  epoch 700/1000  discounted utility (batch mean): 5.682745  | mean wealth pre/post rollout: 7.6233 -> 7.6417
  epoch 800/1000  discounted utility (batch mean): 5.358171  | mean wealth pre/post rollout: 7.2532 -> 7.4157
  epoch 900/1000  discounted utility (batch mean): 5.470362  | mean wealth pre/post rollout: 7.3667 -> 7.3685
  epoch 1000/1000  discounted utility (batch mean): 5.603852  | mean wealth pre/post rollout: 7.5175 -> 7.5290
  repeat 1 wall time: 536.3s
=== USPG repeat 2/10 ===
  epoch 1/1000  discounted utility (batch mean): 5.591247  | mean wealth pre/post rollout: 7.7262 -> 11.2872
  epoch 100/1000  discounted utility (batch mean): 5.251489  | mean wealth pre/post rollout: 7.1080 -> 6.9693
  epoch 200/1000  discounted utility (batch mean): 5.431168  | mean wealth pre/post rollout: 7.3605 -> 7.4114
  epoch 300/1000  discounted utility (batch mean): 5.560141  | mean wealth pre/post rollout: 7.5609 -> 7.6117
  epoch 400/1000  discounted utility (batch mean): 5.661414  | mean wealth pre/post rollout: 7.6133 -> 7.4994
  epoch 500/1000  discounted utility (batch mean): 5.258696  | mean wealth pre/post rollout: 7.0154 -> 6.9785
  epoch 600/1000  discounted utility (batch mean): 5.429192  | mean wealth pre/post rollout: 7.3490 -> 7.3866
  epoch 700/1000  discounted utility (batch mean): 5.491747  | mean wealth pre/post rollout: 7.4930 -> 7.4952
  epoch 800/1000  discounted utility (batch mean): 5.429947  | mean wealth pre/post rollout: 7.3926 -> 7.3133
  epoch 900/1000  discounted utility (batch mean): 5.465076  | mean wealth pre/post rollout: 7.3409 -> 7.2512
  epoch 1000/1000  discounted utility (batch mean): 5.347609  | mean wealth pre/post rollout: 7.1672 -> 7.1355
  repeat 2 wall time: 535.8s
=== USPG repeat 3/10 ===
  epoch 1/1000  discounted utility (batch mean): 5.652683  | mean wealth pre/post rollout: 7.7281 -> 12.0103
  epoch 100/1000  discounted utility (batch mean): 5.675394  | mean wealth pre/post rollout: 7.7104 -> 7.7801
  epoch 200/1000  discounted utility (batch mean): 5.427665  | mean wealth pre/post rollout: 7.3596 -> 7.3539
  epoch 300/1000  discounted utility (batch mean): 6.000407  | mean wealth pre/post rollout: 8.0650 -> 7.8809
  epoch 400/1000  discounted utility (batch mean): 5.616916  | mean wealth pre/post rollout: 7.4437 -> 7.4710
  epoch 500/1000  discounted utility (batch mean): 5.415884  | mean wealth pre/post rollout: 7.3892 -> 7.4271
  epoch 600/1000  discounted utility (batch mean): 5.215869  | mean wealth pre/post rollout: 7.0882 -> 7.1601
  epoch 700/1000  discounted utility (batch mean): 5.516993  | mean wealth pre/post rollout: 7.4409 -> 7.5597
  epoch 800/1000  discounted utility (batch mean): 5.494692  | mean wealth pre/post rollout: 7.3374 -> 7.4790
  epoch 900/1000  discounted utility (batch mean): 5.913343  | mean wealth pre/post rollout: 7.8462 -> 7.9489
  epoch 1000/1000  discounted utility (batch mean): 5.449015  | mean wealth pre/post rollout: 7.4682 -> 7.2957
  repeat 3 wall time: 536.1s
=== USPG repeat 4/10 ===
  epoch 1/1000  discounted utility (batch mean): 5.594209  | mean wealth pre/post rollout: 7.7144 -> 10.7690
  epoch 100/1000  discounted utility (batch mean): 5.825394  | mean wealth pre/post rollout: 7.8906 -> 7.5509
  epoch 200/1000  discounted utility (batch mean): 5.616072  | mean wealth pre/post rollout: 7.6606 -> 7.4514
  epoch 300/1000  discounted utility (batch mean): 5.102343  | mean wealth pre/post rollout: 6.9495 -> 7.0041
  epoch 400/1000  discounted utility (batch mean): 5.589245  | mean wealth pre/post rollout: 7.6133 -> 7.3969
  epoch 500/1000  discounted utility (batch mean): 5.362571  | mean wealth pre/post rollout: 7.4097 -> 7.3105
  epoch 600/1000  discounted utility (batch mean): 5.556620  | mean wealth pre/post rollout: 7.4708 -> 7.3173
  epoch 700/1000  discounted utility (batch mean): 5.563643  | mean wealth pre/post rollout: 7.4379 -> 7.8272
  epoch 800/1000  discounted utility (batch mean): 5.473469  | mean wealth pre/post rollout: 7.5691 -> 7.2966
  epoch 900/1000  discounted utility (batch mean): 5.328752  | mean wealth pre/post rollout: 7.1988 -> 7.3093
  epoch 1000/1000  discounted utility (batch mean): 5.489388  | mean wealth pre/post rollout: 7.3466 -> 7.6491
  repeat 4 wall time: 536.1s
=== USPG repeat 5/10 ===
  epoch 1/1000  discounted utility (batch mean): 5.601917  | mean wealth pre/post rollout: 7.7186 -> 11.1832
  epoch 100/1000  discounted utility (batch mean): 5.734805  | mean wealth pre/post rollout: 7.8555 -> 7.8887
  epoch 200/1000  discounted utility (batch mean): 5.630562  | mean wealth pre/post rollout: 7.5153 -> 7.2857
  epoch 300/1000  discounted utility (batch mean): 5.331124  | mean wealth pre/post rollout: 7.3001 -> 7.2880
  epoch 400/1000  discounted utility (batch mean): 5.666666  | mean wealth pre/post rollout: 7.6976 -> 7.4205
  epoch 500/1000  discounted utility (batch mean): 5.262116  | mean wealth pre/post rollout: 7.1159 -> 7.0912
  epoch 600/1000  discounted utility (batch mean): 5.560973  | mean wealth pre/post rollout: 7.4876 -> 7.5665
  epoch 700/1000  discounted utility (batch mean): 5.657567  | mean wealth pre/post rollout: 7.6103 -> 7.5326
  epoch 800/1000  discounted utility (batch mean): 5.605513  | mean wealth pre/post rollout: 7.5531 -> 7.3170
  epoch 900/1000  discounted utility (batch mean): 5.360042  | mean wealth pre/post rollout: 7.2354 -> 7.1912
  epoch 1000/1000  discounted utility (batch mean): 5.337158  | mean wealth pre/post rollout: 7.2468 -> 7.1250
  repeat 5 wall time: 535.2s
=== USPG repeat 6/10 ===
  epoch 1/1000  discounted utility (batch mean): 5.539610  | mean wealth pre/post rollout: 7.7096 -> 12.4308
  epoch 100/1000  discounted utility (batch mean): 6.245249  | mean wealth pre/post rollout: 8.4632 -> 8.4316
  epoch 200/1000  discounted utility (batch mean): 5.563714  | mean wealth pre/post rollout: 7.5353 -> 7.7137
  epoch 300/1000  discounted utility (batch mean): 5.549710  | mean wealth pre/post rollout: 7.5453 -> 7.3902
  epoch 400/1000  discounted utility (batch mean): 5.734866  | mean wealth pre/post rollout: 7.7587 -> 7.6514
  epoch 500/1000  discounted utility (batch mean): 5.678047  | mean wealth pre/post rollout: 7.6148 -> 7.6663
  epoch 600/1000  discounted utility (batch mean): 5.442911  | mean wealth pre/post rollout: 7.2742 -> 7.3025
  epoch 700/1000  discounted utility (batch mean): 5.298189  | mean wealth pre/post rollout: 7.0120 -> 7.2831
  epoch 800/1000  discounted utility (batch mean): 5.248491  | mean wealth pre/post rollout: 7.1524 -> 7.2229
  epoch 900/1000  discounted utility (batch mean): 5.797715  | mean wealth pre/post rollout: 7.7896 -> 7.5641
  epoch 1000/1000  discounted utility (batch mean): 5.783026  | mean wealth pre/post rollout: 7.7424 -> 7.8917
  repeat 6 wall time: 535.3s
=== USPG repeat 7/10 ===
  epoch 1/1000  discounted utility (batch mean): 5.626133  | mean wealth pre/post rollout: 7.7207 -> 10.9210
  epoch 100/1000  discounted utility (batch mean): 5.823741  | mean wealth pre/post rollout: 7.8026 -> 7.6677
  epoch 200/1000  discounted utility (batch mean): 5.703270  | mean wealth pre/post rollout: 7.7224 -> 7.7161
  epoch 300/1000  discounted utility (batch mean): 5.460737  | mean wealth pre/post rollout: 7.4147 -> 7.3340
  epoch 400/1000  discounted utility (batch mean): 5.385965  | mean wealth pre/post rollout: 7.2832 -> 7.1620
  epoch 500/1000  discounted utility (batch mean): 5.607663  | mean wealth pre/post rollout: 7.5689 -> 7.3713
  epoch 600/1000  discounted utility (batch mean): 5.464771  | mean wealth pre/post rollout: 7.4966 -> 7.5674
  epoch 700/1000  discounted utility (batch mean): 5.620899  | mean wealth pre/post rollout: 7.6200 -> 7.6938
  epoch 800/1000  discounted utility (batch mean): 5.536380  | mean wealth pre/post rollout: 7.3882 -> 7.2483
  epoch 900/1000  discounted utility (batch mean): 5.770330  | mean wealth pre/post rollout: 7.6757 -> 7.6589
  epoch 1000/1000  discounted utility (batch mean): 5.289685  | mean wealth pre/post rollout: 7.2026 -> 7.3411
  repeat 7 wall time: 534.5s
=== USPG repeat 8/10 ===
  epoch 1/1000  discounted utility (batch mean): 5.568403  | mean wealth pre/post rollout: 7.7215 -> 10.6645
  epoch 100/1000  discounted utility (batch mean): 6.591717  | mean wealth pre/post rollout: 8.7698 -> 8.8834
  epoch 200/1000  discounted utility (batch mean): 6.098741  | mean wealth pre/post rollout: 8.2593 -> 8.0280
  epoch 300/1000  discounted utility (batch mean): 5.917503  | mean wealth pre/post rollout: 7.9335 -> 8.1754
  epoch 400/1000  discounted utility (batch mean): 5.987122  | mean wealth pre/post rollout: 7.9738 -> 8.0855
  epoch 500/1000  discounted utility (batch mean): 5.879707  | mean wealth pre/post rollout: 7.8388 -> 8.0949
  epoch 600/1000  discounted utility (batch mean): 5.663240  | mean wealth pre/post rollout: 7.6936 -> 7.6746
  epoch 700/1000  discounted utility (batch mean): 5.710789  | mean wealth pre/post rollout: 7.7163 -> 7.7173
  epoch 800/1000  discounted utility (batch mean): 5.922627  | mean wealth pre/post rollout: 7.8416 -> 7.8406
  epoch 900/1000  discounted utility (batch mean): 5.483469  | mean wealth pre/post rollout: 7.4623 -> 7.4741
  epoch 1000/1000  discounted utility (batch mean): 5.912321  | mean wealth pre/post rollout: 7.9699 -> 7.8972
  repeat 8 wall time: 534.5s
=== USPG repeat 9/10 ===
  epoch 1/1000  discounted utility (batch mean): 5.721237  | mean wealth pre/post rollout: 7.7356 -> 11.6855
  epoch 100/1000  discounted utility (batch mean): 6.719740  | mean wealth pre/post rollout: 8.8840 -> 8.9777
  epoch 200/1000  discounted utility (batch mean): 6.027488  | mean wealth pre/post rollout: 8.2413 -> 7.9876
  epoch 300/1000  discounted utility (batch mean): 6.099394  | mean wealth pre/post rollout: 8.1608 -> 8.2605
  epoch 400/1000  discounted utility (batch mean): 5.847281  | mean wealth pre/post rollout: 7.8367 -> 7.8148
  epoch 500/1000  discounted utility (batch mean): 5.987326  | mean wealth pre/post rollout: 7.9532 -> 8.0009
  epoch 600/1000  discounted utility (batch mean): 5.653679  | mean wealth pre/post rollout: 7.7173 -> 7.6487
  epoch 700/1000  discounted utility (batch mean): 5.762135  | mean wealth pre/post rollout: 7.8101 -> 7.6803
  epoch 800/1000  discounted utility (batch mean): 5.648184  | mean wealth pre/post rollout: 7.7331 -> 7.6498
  epoch 900/1000  discounted utility (batch mean): 5.674330  | mean wealth pre/post rollout: 7.6391 -> 7.7181
  epoch 1000/1000  discounted utility (batch mean): 5.687089  | mean wealth pre/post rollout: 7.6741 -> 7.5160
  repeat 9 wall time: 534.8s
=== USPG repeat 10/10 ===
  epoch 1/1000  discounted utility (batch mean): 5.693809  | mean wealth pre/post rollout: 7.7281 -> 10.8455
  epoch 100/1000  discounted utility (batch mean): 5.690691  | mean wealth pre/post rollout: 7.6228 -> 7.8461
  epoch 200/1000  discounted utility (batch mean): 5.490736  | mean wealth pre/post rollout: 7.3930 -> 7.3488
  epoch 300/1000  discounted utility (batch mean): 5.473227  | mean wealth pre/post rollout: 7.3836 -> 7.5334
  epoch 400/1000  discounted utility (batch mean): 5.253834  | mean wealth pre/post rollout: 7.1361 -> 7.1205
  epoch 500/1000  discounted utility (batch mean): 5.457954  | mean wealth pre/post rollout: 7.3875 -> 7.2558
  epoch 600/1000  discounted utility (batch mean): 5.455007  | mean wealth pre/post rollout: 7.3924 -> 7.4026
  epoch 700/1000  discounted utility (batch mean): 5.688206  | mean wealth pre/post rollout: 7.6233 -> 7.3871
  epoch 800/1000  discounted utility (batch mean): 5.372285  | mean wealth pre/post rollout: 7.2469 -> 7.3953
  epoch 900/1000  discounted utility (batch mean): 5.241181  | mean wealth pre/post rollout: 7.1952 -> 7.2700
  epoch 1000/1000  discounted utility (batch mean): 5.531094  | mean wealth pre/post rollout: 7.3961 -> 7.4226
  repeat 10 wall time: 535.0s
Saved training curves and metadata to /home/chiyuan/Huggett/results/pe_uspg_bs64_lr2.000E-03_ep1000_H182_R10.pkl
Saved figure to /home/chiyuan/Huggett/results/pe_uspg_bs64_lr2.000E-03_ep1000_H182_R10_training_curve.pdf
