USPG rollout length T=182 (default PEEnv.T=182; override with --horizon).
=== USPG repeat 1/10 ===
  epoch 1/1000  [curve eval] disc. U (fixed ergodic g₀, T=182): 5.578898  | wealth pre/post (same eval): 7.7242 -> 12.8214  | train -loss: 5.621835
  epoch 100/1000  [curve eval] disc. U (fixed ergodic g₀, T=182): 5.601648  | wealth pre/post (same eval): 7.7210 -> 7.6078  | train -loss: 5.353360
  epoch 200/1000  [curve eval] disc. U (fixed ergodic g₀, T=182): 5.631494  | wealth pre/post (same eval): 7.7219 -> 7.5315  | train -loss: 5.560328
  epoch 300/1000  [curve eval] disc. U (fixed ergodic g₀, T=182): 5.602217  | wealth pre/post (same eval): 7.7268 -> 7.7211  | train -loss: 5.573722
  epoch 400/1000  [curve eval] disc. U (fixed ergodic g₀, T=182): 5.646951  | wealth pre/post (same eval): 7.7208 -> 7.7661  | train -loss: 5.453027
  epoch 500/1000  [curve eval] disc. U (fixed ergodic g₀, T=182): 5.657459  | wealth pre/post (same eval): 7.7267 -> 7.4486  | train -loss: 5.311557
  epoch 600/1000  [curve eval] disc. U (fixed ergodic g₀, T=182): 5.569495  | wealth pre/post (same eval): 7.7176 -> 7.5918  | train -loss: 5.613797
  epoch 700/1000  [curve eval] disc. U (fixed ergodic g₀, T=182): 5.662983  | wealth pre/post (same eval): 7.7243 -> 7.6317  | train -loss: 5.682745
  epoch 800/1000  [curve eval] disc. U (fixed ergodic g₀, T=182): 5.564963  | wealth pre/post (same eval): 7.7244 -> 7.6527  | train -loss: 5.358171
  epoch 900/1000  [curve eval] disc. U (fixed ergodic g₀, T=182): 5.687613  | wealth pre/post (same eval): 7.7279 -> 7.8483  | train -loss: 5.470362
  epoch 1000/1000  [curve eval] disc. U (fixed ergodic g₀, T=182): 5.739087  | wealth pre/post (same eval): 7.7330 -> 7.6315  | train -loss: 5.603852
  repeat 1 wall time: 543.4s
=== USPG repeat 2/10 ===
  epoch 1/1000  [curve eval] disc. U (fixed ergodic g₀, T=182): 5.584418  | wealth pre/post (same eval): 7.7159 -> 10.9418  | train -loss: 5.591247
  epoch 100/1000  [curve eval] disc. U (fixed ergodic g₀, T=182): 5.603569  | wealth pre/post (same eval): 7.7175 -> 7.3495  | train -loss: 5.251489
  epoch 200/1000  [curve eval] disc. U (fixed ergodic g₀, T=182): 5.716666  | wealth pre/post (same eval): 7.7318 -> 7.7576  | train -loss: 5.431168
  epoch 300/1000  [curve eval] disc. U (fixed ergodic g₀, T=182): 5.597267  | wealth pre/post (same eval): 7.7281 -> 7.6338  | train -loss: 5.560141
  epoch 400/1000  [curve eval] disc. U (fixed ergodic g₀, T=182): 5.605108  | wealth pre/post (same eval): 7.7247 -> 7.5810  | train -loss: 5.661414
  epoch 500/1000  [curve eval] disc. U (fixed ergodic g₀, T=182): 5.626518  | wealth pre/post (same eval): 7.7202 -> 7.5421  | train -loss: 5.258696
  epoch 600/1000  [curve eval] disc. U (fixed ergodic g₀, T=182): 5.670559  | wealth pre/post (same eval): 7.7258 -> 7.5763  | train -loss: 5.429192
  epoch 700/1000  [curve eval] disc. U (fixed ergodic g₀, T=182): 5.701738  | wealth pre/post (same eval): 7.7233 -> 7.8374  | train -loss: 5.491747
  epoch 800/1000  [curve eval] disc. U (fixed ergodic g₀, T=182): 5.472444  | wealth pre/post (same eval): 7.7175 -> 7.6122  | train -loss: 5.429947
  epoch 900/1000  [curve eval] disc. U (fixed ergodic g₀, T=182): 5.676986  | wealth pre/post (same eval): 7.7253 -> 7.7006  | train -loss: 5.465076
  epoch 1000/1000  [curve eval] disc. U (fixed ergodic g₀, T=182): 5.686614  | wealth pre/post (same eval): 7.7262 -> 7.3881  | train -loss: 5.347609
  repeat 2 wall time: 543.1s
=== USPG repeat 3/10 ===
  epoch 1/1000  [curve eval] disc. U (fixed ergodic g₀, T=182): 5.577269  | wealth pre/post (same eval): 7.7171 -> 11.0110  | train -loss: 5.652683
  epoch 100/1000  [curve eval] disc. U (fixed ergodic g₀, T=182): 5.543214  | wealth pre/post (same eval): 7.7097 -> 7.7474  | train -loss: 5.675394
  epoch 200/1000  [curve eval] disc. U (fixed ergodic g₀, T=182): 5.566440  | wealth pre/post (same eval): 7.7236 -> 7.5010  | train -loss: 5.427665
  epoch 300/1000  [curve eval] disc. U (fixed ergodic g₀, T=182): 5.666639  | wealth pre/post (same eval): 7.7219 -> 8.0468  | train -loss: 6.000407
  epoch 400/1000  [curve eval] disc. U (fixed ergodic g₀, T=182): 5.700594  | wealth pre/post (same eval): 7.7261 -> 7.6200  | train -loss: 5.616916
  epoch 500/1000  [curve eval] disc. U (fixed ergodic g₀, T=182): 5.665803  | wealth pre/post (same eval): 7.7183 -> 7.9217  | train -loss: 5.415884
  epoch 600/1000  [curve eval] disc. U (fixed ergodic g₀, T=182): 5.590904  | wealth pre/post (same eval): 7.7235 -> 7.6081  | train -loss: 5.215869
  epoch 700/1000  [curve eval] disc. U (fixed ergodic g₀, T=182): 5.598460  | wealth pre/post (same eval): 7.7167 -> 7.8207  | train -loss: 5.516993
  epoch 800/1000  [curve eval] disc. U (fixed ergodic g₀, T=182): 5.693290  | wealth pre/post (same eval): 7.7232 -> 7.8208  | train -loss: 5.494692
  epoch 900/1000  [curve eval] disc. U (fixed ergodic g₀, T=182): 5.522468  | wealth pre/post (same eval): 7.7178 -> 8.1647  | train -loss: 5.913343
  epoch 1000/1000  [curve eval] disc. U (fixed ergodic g₀, T=182): 5.580723  | wealth pre/post (same eval): 7.7193 -> 7.6639  | train -loss: 5.449015
  repeat 3 wall time: 542.0s
=== USPG repeat 4/10 ===
  epoch 1/1000  [curve eval] disc. U (fixed ergodic g₀, T=182): 5.655556  | wealth pre/post (same eval): 7.7253 -> 10.7643  | train -loss: 5.594209
  epoch 100/1000  [curve eval] disc. U (fixed ergodic g₀, T=182): 5.637995  | wealth pre/post (same eval): 7.7252 -> 7.6852  | train -loss: 5.825394
  epoch 200/1000  [curve eval] disc. U (fixed ergodic g₀, T=182): 5.585115  | wealth pre/post (same eval): 7.7181 -> 7.7031  | train -loss: 5.616072
  epoch 300/1000  [curve eval] disc. U (fixed ergodic g₀, T=182): 5.648924  | wealth pre/post (same eval): 7.7282 -> 7.8881  | train -loss: 5.102343
  epoch 400/1000  [curve eval] disc. U (fixed ergodic g₀, T=182): 5.631392  | wealth pre/post (same eval): 7.7200 -> 7.6987  | train -loss: 5.589245
  epoch 500/1000  [curve eval] disc. U (fixed ergodic g₀, T=182): 5.669695  | wealth pre/post (same eval): 7.7213 -> 7.8133  | train -loss: 5.362571
  epoch 600/1000  [curve eval] disc. U (fixed ergodic g₀, T=182): 5.731440  | wealth pre/post (same eval): 7.7257 -> 7.5650  | train -loss: 5.556620
  epoch 700/1000  [curve eval] disc. U (fixed ergodic g₀, T=182): 5.577736  | wealth pre/post (same eval): 7.7188 -> 8.0902  | train -loss: 5.563643
  epoch 800/1000  [curve eval] disc. U (fixed ergodic g₀, T=182): 5.623960  | wealth pre/post (same eval): 7.7184 -> 7.6258  | train -loss: 5.473469
  epoch 900/1000  [curve eval] disc. U (fixed ergodic g₀, T=182): 5.567551  | wealth pre/post (same eval): 7.7216 -> 7.7803  | train -loss: 5.328752
  epoch 1000/1000  [curve eval] disc. U (fixed ergodic g₀, T=182): 5.673659  | wealth pre/post (same eval): 7.7244 -> 7.9543  | train -loss: 5.489388
  repeat 4 wall time: 542.8s
=== USPG repeat 5/10 ===
  epoch 1/1000  [curve eval] disc. U (fixed ergodic g₀, T=182): 5.553216  | wealth pre/post (same eval): 7.7240 -> 10.7598  | train -loss: 5.601917
  epoch 100/1000  [curve eval] disc. U (fixed ergodic g₀, T=182): 5.622953  | wealth pre/post (same eval): 7.7311 -> 7.9311  | train -loss: 5.734805
  epoch 200/1000  [curve eval] disc. U (fixed ergodic g₀, T=182): 5.747296  | wealth pre/post (same eval): 7.7274 -> 7.6398  | train -loss: 5.630562
  epoch 300/1000  [curve eval] disc. U (fixed ergodic g₀, T=182): 5.627530  | wealth pre/post (same eval): 7.7195 -> 7.6019  | train -loss: 5.331124
  epoch 400/1000  [curve eval] disc. U (fixed ergodic g₀, T=182): 5.715353  | wealth pre/post (same eval): 7.7380 -> 7.9529  | train -loss: 5.666666
  epoch 500/1000  [curve eval] disc. U (fixed ergodic g₀, T=182): 5.607232  | wealth pre/post (same eval): 7.7236 -> 7.4709  | train -loss: 5.262116
  epoch 600/1000  [curve eval] disc. U (fixed ergodic g₀, T=182): 5.625066  | wealth pre/post (same eval): 7.7139 -> 7.8500  | train -loss: 5.560973
  epoch 700/1000  [curve eval] disc. U (fixed ergodic g₀, T=182): 5.624090  | wealth pre/post (same eval): 7.7297 -> 7.6066  | train -loss: 5.657567
  epoch 800/1000  [curve eval] disc. U (fixed ergodic g₀, T=182): 5.656052  | wealth pre/post (same eval): 7.7352 -> 7.5038  | train -loss: 5.605513
  epoch 900/1000  [curve eval] disc. U (fixed ergodic g₀, T=182): 5.687147  | wealth pre/post (same eval): 7.7234 -> 7.7312  | train -loss: 5.360042
  epoch 1000/1000  [curve eval] disc. U (fixed ergodic g₀, T=182): 5.640389  | wealth pre/post (same eval): 7.7192 -> 7.4430  | train -loss: 5.337158
  repeat 5 wall time: 542.3s
=== USPG repeat 6/10 ===
  epoch 1/1000  [curve eval] disc. U (fixed ergodic g₀, T=182): 5.568820  | wealth pre/post (same eval): 7.7197 -> 11.4159  | train -loss: 5.539610
  epoch 100/1000  [curve eval] disc. U (fixed ergodic g₀, T=182): 5.521444  | wealth pre/post (same eval): 7.7193 -> 8.3038  | train -loss: 6.245249
  epoch 200/1000  [curve eval] disc. U (fixed ergodic g₀, T=182): 5.701254  | wealth pre/post (same eval): 7.7263 -> 8.0347  | train -loss: 5.563714
  epoch 300/1000  [curve eval] disc. U (fixed ergodic g₀, T=182): 5.552705  | wealth pre/post (same eval): 7.7162 -> 7.6714  | train -loss: 5.549710
  epoch 400/1000  [curve eval] disc. U (fixed ergodic g₀, T=182): 5.680936  | wealth pre/post (same eval): 7.7217 -> 7.9790  | train -loss: 5.734866
  epoch 500/1000  [curve eval] disc. U (fixed ergodic g₀, T=182): 5.692051  | wealth pre/post (same eval): 7.7292 -> 7.7993  | train -loss: 5.678047
  epoch 600/1000  [curve eval] disc. U (fixed ergodic g₀, T=182): 5.641727  | wealth pre/post (same eval): 7.7192 -> 7.7942  | train -loss: 5.442911
  epoch 700/1000  [curve eval] disc. U (fixed ergodic g₀, T=182): 5.690207  | wealth pre/post (same eval): 7.7277 -> 7.8285  | train -loss: 5.298189
  epoch 800/1000  [curve eval] disc. U (fixed ergodic g₀, T=182): 5.512475  | wealth pre/post (same eval): 7.7147 -> 7.4127  | train -loss: 5.248491
  epoch 900/1000  [curve eval] disc. U (fixed ergodic g₀, T=182): 5.707873  | wealth pre/post (same eval): 7.7280 -> 7.7855  | train -loss: 5.797715
  epoch 1000/1000  [curve eval] disc. U (fixed ergodic g₀, T=182): 5.636208  | wealth pre/post (same eval): 7.7251 -> 7.8811  | train -loss: 5.783026
  repeat 6 wall time: 543.0s
=== USPG repeat 7/10 ===
  epoch 1/1000  [curve eval] disc. U (fixed ergodic g₀, T=182): 5.595769  | wealth pre/post (same eval): 7.7169 -> 10.4530  | train -loss: 5.626133
  epoch 100/1000  [curve eval] disc. U (fixed ergodic g₀, T=182): 5.718367  | wealth pre/post (same eval): 7.7270 -> 8.0537  | train -loss: 5.823741
  epoch 200/1000  [curve eval] disc. U (fixed ergodic g₀, T=182): 5.623693  | wealth pre/post (same eval): 7.7166 -> 7.6659  | train -loss: 5.703270
  epoch 300/1000  [curve eval] disc. U (fixed ergodic g₀, T=182): 5.627436  | wealth pre/post (same eval): 7.7298 -> 7.9042  | train -loss: 5.460737
  epoch 400/1000  [curve eval] disc. U (fixed ergodic g₀, T=182): 5.639157  | wealth pre/post (same eval): 7.7223 -> 7.5727  | train -loss: 5.385965
  epoch 500/1000  [curve eval] disc. U (fixed ergodic g₀, T=182): 5.715841  | wealth pre/post (same eval): 7.7238 -> 7.6524  | train -loss: 5.607663
  epoch 600/1000  [curve eval] disc. U (fixed ergodic g₀, T=182): 5.628273  | wealth pre/post (same eval): 7.7241 -> 7.8208  | train -loss: 5.464771
  epoch 700/1000  [curve eval] disc. U (fixed ergodic g₀, T=182): 5.784338  | wealth pre/post (same eval): 7.7226 -> 8.1721  | train -loss: 5.620899
  epoch 800/1000  [curve eval] disc. U (fixed ergodic g₀, T=182): 5.567288  | wealth pre/post (same eval): 7.7191 -> 7.2266  | train -loss: 5.536380
  epoch 900/1000  [curve eval] disc. U (fixed ergodic g₀, T=182): 5.643218  | wealth pre/post (same eval): 7.7233 -> 7.9628  | train -loss: 5.770330
  epoch 1000/1000  [curve eval] disc. U (fixed ergodic g₀, T=182): 5.703235  | wealth pre/post (same eval): 7.7273 -> 7.8102  | train -loss: 5.289685
  repeat 7 wall time: 542.3s
=== USPG repeat 8/10 ===
  epoch 1/1000  [curve eval] disc. U (fixed ergodic g₀, T=182): 5.485564  | wealth pre/post (same eval): 7.7129 -> 10.3323  | train -loss: 5.568403
  epoch 100/1000  [curve eval] disc. U (fixed ergodic g₀, T=182): 5.741212  | wealth pre/post (same eval): 7.7345 -> 8.5200  | train -loss: 6.591717
  epoch 200/1000  [curve eval] disc. U (fixed ergodic g₀, T=182): 5.572252  | wealth pre/post (same eval): 7.7132 -> 8.3233  | train -loss: 6.098741
  epoch 300/1000  [curve eval] disc. U (fixed ergodic g₀, T=182): 5.619801  | wealth pre/post (same eval): 7.7144 -> 8.1349  | train -loss: 5.917503
  epoch 400/1000  [curve eval] disc. U (fixed ergodic g₀, T=182): 5.630493  | wealth pre/post (same eval): 7.7188 -> 8.2161  | train -loss: 5.987122
  epoch 500/1000  [curve eval] disc. U (fixed ergodic g₀, T=182): 5.732896  | wealth pre/post (same eval): 7.7323 -> 8.4198  | train -loss: 5.879707
  epoch 600/1000  [curve eval] disc. U (fixed ergodic g₀, T=182): 5.740756  | wealth pre/post (same eval): 7.7327 -> 7.9575  | train -loss: 5.663240
  epoch 700/1000  [curve eval] disc. U (fixed ergodic g₀, T=182): 5.633913  | wealth pre/post (same eval): 7.7219 -> 7.7967  | train -loss: 5.710789
  epoch 800/1000  [curve eval] disc. U (fixed ergodic g₀, T=182): 5.623763  | wealth pre/post (same eval): 7.7216 -> 7.9788  | train -loss: 5.922627
  epoch 900/1000  [curve eval] disc. U (fixed ergodic g₀, T=182): 5.587016  | wealth pre/post (same eval): 7.7274 -> 7.6220  | train -loss: 5.483469
  epoch 1000/1000  [curve eval] disc. U (fixed ergodic g₀, T=182): 5.602975  | wealth pre/post (same eval): 7.7158 -> 8.0390  | train -loss: 5.912321
  repeat 8 wall time: 542.2s
=== USPG repeat 9/10 ===
  epoch 1/1000  [curve eval] disc. U (fixed ergodic g₀, T=182): 5.649485  | wealth pre/post (same eval): 7.7200 -> 11.6652  | train -loss: 5.721237
  epoch 100/1000  [curve eval] disc. U (fixed ergodic g₀, T=182): 5.630673  | wealth pre/post (same eval): 7.7203 -> 8.4973  | train -loss: 6.719740
  epoch 200/1000  [curve eval] disc. U (fixed ergodic g₀, T=182): 5.642589  | wealth pre/post (same eval): 7.7264 -> 8.1598  | train -loss: 6.027488
  epoch 300/1000  [curve eval] disc. U (fixed ergodic g₀, T=182): 5.654926  | wealth pre/post (same eval): 7.7296 -> 8.1422  | train -loss: 6.099394
  epoch 400/1000  [curve eval] disc. U (fixed ergodic g₀, T=182): 5.625149  | wealth pre/post (same eval): 7.7237 -> 7.9045  | train -loss: 5.847281
  epoch 500/1000  [curve eval] disc. U (fixed ergodic g₀, T=182): 5.601232  | wealth pre/post (same eval): 7.7225 -> 7.9661  | train -loss: 5.987326
  epoch 600/1000  [curve eval] disc. U (fixed ergodic g₀, T=182): 5.704239  | wealth pre/post (same eval): 7.7224 -> 8.0479  | train -loss: 5.653679
  epoch 700/1000  [curve eval] disc. U (fixed ergodic g₀, T=182): 5.682717  | wealth pre/post (same eval): 7.7194 -> 7.7000  | train -loss: 5.762135
  epoch 800/1000  [curve eval] disc. U (fixed ergodic g₀, T=182): 5.656249  | wealth pre/post (same eval): 7.7236 -> 7.8125  | train -loss: 5.648184
  epoch 900/1000  [curve eval] disc. U (fixed ergodic g₀, T=182): 5.700486  | wealth pre/post (same eval): 7.7388 -> 7.9904  | train -loss: 5.674330
  epoch 1000/1000  [curve eval] disc. U (fixed ergodic g₀, T=182): 5.607200  | wealth pre/post (same eval): 7.7325 -> 7.7092  | train -loss: 5.687089
  repeat 9 wall time: 542.5s
=== USPG repeat 10/10 ===
  epoch 1/1000  [curve eval] disc. U (fixed ergodic g₀, T=182): 5.586399  | wealth pre/post (same eval): 7.7241 -> 10.6863  | train -loss: 5.693809
  epoch 100/1000  [curve eval] disc. U (fixed ergodic g₀, T=182): 5.718331  | wealth pre/post (same eval): 7.7266 -> 7.8645  | train -loss: 5.690691
  epoch 200/1000  [curve eval] disc. U (fixed ergodic g₀, T=182): 5.564782  | wealth pre/post (same eval): 7.7183 -> 7.4229  | train -loss: 5.490736
  epoch 300/1000  [curve eval] disc. U (fixed ergodic g₀, T=182): 5.653945  | wealth pre/post (same eval): 7.7225 -> 7.7747  | train -loss: 5.473227
  epoch 400/1000  [curve eval] disc. U (fixed ergodic g₀, T=182): 5.703272  | wealth pre/post (same eval): 7.7203 -> 7.6785  | train -loss: 5.253834
  epoch 500/1000  [curve eval] disc. U (fixed ergodic g₀, T=182): 5.660235  | wealth pre/post (same eval): 7.7324 -> 7.8279  | train -loss: 5.457954
  epoch 600/1000  [curve eval] disc. U (fixed ergodic g₀, T=182): 5.631585  | wealth pre/post (same eval): 7.7237 -> 7.5158  | train -loss: 5.455007
  epoch 700/1000  [curve eval] disc. U (fixed ergodic g₀, T=182): 5.497844  | wealth pre/post (same eval): 7.7121 -> 7.9083  | train -loss: 5.688206
  epoch 800/1000  [curve eval] disc. U (fixed ergodic g₀, T=182): 5.638700  | wealth pre/post (same eval): 7.7332 -> 7.7124  | train -loss: 5.372285
  epoch 900/1000  [curve eval] disc. U (fixed ergodic g₀, T=182): 5.694908  | wealth pre/post (same eval): 7.7249 -> 7.8647  | train -loss: 5.241181
  epoch 1000/1000  [curve eval] disc. U (fixed ergodic g₀, T=182): 5.741959  | wealth pre/post (same eval): 7.7310 -> 7.7719  | train -loss: 5.531094
  repeat 10 wall time: 542.1s
Saved training curves and metadata to /home/chiyuan/Huggett/results/pe_uspg_bs64_lr2.000E-03_ep1000_H182_R10.pkl
Saved figure to /home/chiyuan/Huggett/results/pe_uspg_bs64_lr2.000E-03_ep1000_H182_R10_training_curve.pdf
