=== DDPG repeat 1/10 (seed=0) ===
update 1/1000  rollout_tail_disc (reset~uniform, H=64): 11.1248  mean_step_u 0.1805  noise_std 0.1000  ergodic_eval_mean_u(256p) 3.9850
update 100/1000  rollout_tail_disc (reset~uniform, H=64): -18.6826  mean_step_u -0.5661  noise_std 0.0921  ergodic_eval_mean_u(256p) 3.7996
update 200/1000  rollout_tail_disc (reset~uniform, H=64): -21.5923  mean_step_u -0.7396  noise_std 0.0841  ergodic_eval_mean_u(256p) 3.6223
update 300/1000  rollout_tail_disc (reset~uniform, H=64): -36.7467  mean_step_u -1.0900  noise_std 0.0761  ergodic_eval_mean_u(256p) 4.7411
update 400/1000  rollout_tail_disc (reset~uniform, H=64): -41.6982  mean_step_u -1.2462  noise_std 0.0680  ergodic_eval_mean_u(256p) 5.1001
update 500/1000  rollout_tail_disc (reset~uniform, H=64): -38.2320  mean_step_u -1.1033  noise_std 0.0600  ergodic_eval_mean_u(256p) 4.4839
update 600/1000  rollout_tail_disc (reset~uniform, H=64): -30.8924  mean_step_u -0.9617  noise_std 0.0520  ergodic_eval_mean_u(256p) 4.2515
update 700/1000  rollout_tail_disc (reset~uniform, H=64): -31.7256  mean_step_u -0.9071  noise_std 0.0440  ergodic_eval_mean_u(256p) 4.8954
update 800/1000  rollout_tail_disc (reset~uniform, H=64): -24.3513  mean_step_u -0.7416  noise_std 0.0360  ergodic_eval_mean_u(256p) 4.5396
update 900/1000  rollout_tail_disc (reset~uniform, H=64): -13.0940  mean_step_u -0.4551  noise_std 0.0280  ergodic_eval_mean_u(256p) 4.9317
update 1000/1000  rollout_tail_disc (reset~uniform, H=64): -1.3195  mean_step_u -0.0625  noise_std 0.0200  ergodic_eval_mean_u(256p) 4.6781
DDPG training wall time: 459.9s
Post-train eval (ergodic a,e + Markov r,w): mean discounted utility (T=182): 4.846504
VFI npz mean_discounted_utility: 5.653381
Saved metadata + curves to /home/chiyuan/Huggett/results/pe_ddpg_H64_E32_U1000_lr3.00E-04_R10_rep0_s0.pkl
Saved figure to /home/chiyuan/Huggett/results/pe_ddpg_H64_E32_U1000_lr3.00E-04_R10_rep0_s0_training_curve.pdf
=== DDPG repeat 2/10 (seed=1) ===
update 1/1000  rollout_tail_disc (reset~uniform, H=64): 7.1029  mean_step_u 0.1000  noise_std 0.1000  ergodic_eval_mean_u(256p) 2.7385
update 100/1000  rollout_tail_disc (reset~uniform, H=64): 6.3665  mean_step_u 0.1325  noise_std 0.0921  ergodic_eval_mean_u(256p) 2.8061
update 200/1000  rollout_tail_disc (reset~uniform, H=64): -31.4570  mean_step_u -0.8936  noise_std 0.0841  ergodic_eval_mean_u(256p) 4.0508
update 300/1000  rollout_tail_disc (reset~uniform, H=64): -30.9780  mean_step_u -0.8768  noise_std 0.0761  ergodic_eval_mean_u(256p) 4.3145
update 400/1000  rollout_tail_disc (reset~uniform, H=64): -20.9759  mean_step_u -0.6936  noise_std 0.0680  ergodic_eval_mean_u(256p) 4.3147
update 500/1000  rollout_tail_disc (reset~uniform, H=64): -23.3488  mean_step_u -0.7807  noise_std 0.0600  ergodic_eval_mean_u(256p) 4.6631
update 600/1000  rollout_tail_disc (reset~uniform, H=64): -19.6151  mean_step_u -0.6181  noise_std 0.0520  ergodic_eval_mean_u(256p) 5.1684
update 700/1000  rollout_tail_disc (reset~uniform, H=64): -18.3232  mean_step_u -0.6218  noise_std 0.0440  ergodic_eval_mean_u(256p) 4.5712
update 800/1000  rollout_tail_disc (reset~uniform, H=64): -6.4077  mean_step_u -0.1829  noise_std 0.0360  ergodic_eval_mean_u(256p) 4.7566
update 900/1000  rollout_tail_disc (reset~uniform, H=64): 0.0573  mean_step_u 0.0733  noise_std 0.0280  ergodic_eval_mean_u(256p) 5.3474
update 1000/1000  rollout_tail_disc (reset~uniform, H=64): 11.0216  mean_step_u 0.3886  noise_std 0.0200  ergodic_eval_mean_u(256p) 4.6903
DDPG training wall time: 459.7s
Post-train eval (ergodic a,e + Markov r,w): mean discounted utility (T=182): 4.737589
VFI npz mean_discounted_utility: 5.653381
Saved metadata + curves to /home/chiyuan/Huggett/results/pe_ddpg_H64_E32_U1000_lr3.00E-04_R10_rep1_s1.pkl
Saved figure to /home/chiyuan/Huggett/results/pe_ddpg_H64_E32_U1000_lr3.00E-04_R10_rep1_s1_training_curve.pdf
=== DDPG repeat 3/10 (seed=2) ===
update 1/1000  rollout_tail_disc (reset~uniform, H=64): 8.9787  mean_step_u 0.1314  noise_std 0.1000  ergodic_eval_mean_u(256p) 3.9497
update 100/1000  rollout_tail_disc (reset~uniform, H=64): -10.6350  mean_step_u -0.3530  noise_std 0.0921  ergodic_eval_mean_u(256p) 3.5641
update 200/1000  rollout_tail_disc (reset~uniform, H=64): -21.2146  mean_step_u -0.5958  noise_std 0.0841  ergodic_eval_mean_u(256p) 4.6941
update 300/1000  rollout_tail_disc (reset~uniform, H=64): -21.7547  mean_step_u -0.5882  noise_std 0.0761  ergodic_eval_mean_u(256p) 5.5980
update 400/1000  rollout_tail_disc (reset~uniform, H=64): -31.0026  mean_step_u -0.9132  noise_std 0.0680  ergodic_eval_mean_u(256p) 5.0189
update 500/1000  rollout_tail_disc (reset~uniform, H=64): -25.2937  mean_step_u -0.7557  noise_std 0.0600  ergodic_eval_mean_u(256p) 4.9583
update 600/1000  rollout_tail_disc (reset~uniform, H=64): -15.4072  mean_step_u -0.4845  noise_std 0.0520  ergodic_eval_mean_u(256p) 4.7697
update 700/1000  rollout_tail_disc (reset~uniform, H=64): -14.7917  mean_step_u -0.4280  noise_std 0.0440  ergodic_eval_mean_u(256p) 4.9361
update 800/1000  rollout_tail_disc (reset~uniform, H=64): -4.4534  mean_step_u -0.1738  noise_std 0.0360  ergodic_eval_mean_u(256p) 4.5729
update 900/1000  rollout_tail_disc (reset~uniform, H=64): 3.0284  mean_step_u 0.0982  noise_std 0.0280  ergodic_eval_mean_u(256p) 4.4730
update 1000/1000  rollout_tail_disc (reset~uniform, H=64): 11.0835  mean_step_u 0.3637  noise_std 0.0200  ergodic_eval_mean_u(256p) 4.7043
DDPG training wall time: 461.1s
Post-train eval (ergodic a,e + Markov r,w): mean discounted utility (T=182): 4.643573
VFI npz mean_discounted_utility: 5.653381
Saved metadata + curves to /home/chiyuan/Huggett/results/pe_ddpg_H64_E32_U1000_lr3.00E-04_R10_rep2_s2.pkl
Saved figure to /home/chiyuan/Huggett/results/pe_ddpg_H64_E32_U1000_lr3.00E-04_R10_rep2_s2_training_curve.pdf
=== DDPG repeat 4/10 (seed=3) ===
update 1/1000  rollout_tail_disc (reset~uniform, H=64): 9.4586  mean_step_u 0.1393  noise_std 0.1000  ergodic_eval_mean_u(256p) 3.1723
update 100/1000  rollout_tail_disc (reset~uniform, H=64): -16.1041  mean_step_u -0.4724  noise_std 0.0921  ergodic_eval_mean_u(256p) 2.9093
update 200/1000  rollout_tail_disc (reset~uniform, H=64): -54.3953  mean_step_u -1.6980  noise_std 0.0841  ergodic_eval_mean_u(256p) 2.4107
update 300/1000  rollout_tail_disc (reset~uniform, H=64): -51.7119  mean_step_u -1.6506  noise_std 0.0761  ergodic_eval_mean_u(256p) 3.0294
update 400/1000  rollout_tail_disc (reset~uniform, H=64): -36.5759  mean_step_u -1.2463  noise_std 0.0680  ergodic_eval_mean_u(256p) 3.5566
update 500/1000  rollout_tail_disc (reset~uniform, H=64): -34.8459  mean_step_u -1.1060  noise_std 0.0600  ergodic_eval_mean_u(256p) 3.7759
update 600/1000  rollout_tail_disc (reset~uniform, H=64): -30.1278  mean_step_u -1.0003  noise_std 0.0520  ergodic_eval_mean_u(256p) 4.3645
update 700/1000  rollout_tail_disc (reset~uniform, H=64): -13.5698  mean_step_u -0.5473  noise_std 0.0440  ergodic_eval_mean_u(256p) 3.3975
update 800/1000  rollout_tail_disc (reset~uniform, H=64): -4.8383  mean_step_u -0.1924  noise_std 0.0360  ergodic_eval_mean_u(256p) 3.9457
update 900/1000  rollout_tail_disc (reset~uniform, H=64): 3.0917  mean_step_u 0.0810  noise_std 0.0280  ergodic_eval_mean_u(256p) 3.8940
update 1000/1000  rollout_tail_disc (reset~uniform, H=64): 12.4519  mean_step_u 0.3971  noise_std 0.0200  ergodic_eval_mean_u(256p) 3.5811
DDPG training wall time: 460.0s
Post-train eval (ergodic a,e + Markov r,w): mean discounted utility (T=182): 3.975333
VFI npz mean_discounted_utility: 5.653381
Saved metadata + curves to /home/chiyuan/Huggett/results/pe_ddpg_H64_E32_U1000_lr3.00E-04_R10_rep3_s3.pkl
Saved figure to /home/chiyuan/Huggett/results/pe_ddpg_H64_E32_U1000_lr3.00E-04_R10_rep3_s3_training_curve.pdf
=== DDPG repeat 5/10 (seed=4) ===
update 1/1000  rollout_tail_disc (reset~uniform, H=64): 10.8516  mean_step_u 0.1724  noise_std 0.1000  ergodic_eval_mean_u(256p) 2.9587
update 100/1000  rollout_tail_disc (reset~uniform, H=64): -13.7397  mean_step_u -0.3589  noise_std 0.0921  ergodic_eval_mean_u(256p) 2.4770
update 200/1000  rollout_tail_disc (reset~uniform, H=64): -22.0267  mean_step_u -0.5746  noise_std 0.0841  ergodic_eval_mean_u(256p) 3.5887
update 300/1000  rollout_tail_disc (reset~uniform, H=64): -19.7843  mean_step_u -0.4347  noise_std 0.0761  ergodic_eval_mean_u(256p) 4.9651
update 400/1000  rollout_tail_disc (reset~uniform, H=64): -16.9584  mean_step_u -0.5020  noise_std 0.0680  ergodic_eval_mean_u(256p) 5.1305
update 500/1000  rollout_tail_disc (reset~uniform, H=64): -19.0790  mean_step_u -0.5240  noise_std 0.0600  ergodic_eval_mean_u(256p) 4.4555
update 600/1000  rollout_tail_disc (reset~uniform, H=64): -21.1982  mean_step_u -0.5946  noise_std 0.0520  ergodic_eval_mean_u(256p) 5.0249
update 700/1000  rollout_tail_disc (reset~uniform, H=64): -8.8658  mean_step_u -0.3173  noise_std 0.0440  ergodic_eval_mean_u(256p) 4.8986
update 800/1000  rollout_tail_disc (reset~uniform, H=64): -3.7482  mean_step_u -0.1612  noise_std 0.0360  ergodic_eval_mean_u(256p) 4.7355
update 900/1000  rollout_tail_disc (reset~uniform, H=64): -5.0525  mean_step_u -0.1531  noise_std 0.0280  ergodic_eval_mean_u(256p) 5.5511
update 1000/1000  rollout_tail_disc (reset~uniform, H=64): 9.4191  mean_step_u 0.3041  noise_std 0.0200  ergodic_eval_mean_u(256p) 4.8136
DDPG training wall time: 459.2s
Post-train eval (ergodic a,e + Markov r,w): mean discounted utility (T=182): 5.088475
VFI npz mean_discounted_utility: 5.653381
Saved metadata + curves to /home/chiyuan/Huggett/results/pe_ddpg_H64_E32_U1000_lr3.00E-04_R10_rep4_s4.pkl
Saved figure to /home/chiyuan/Huggett/results/pe_ddpg_H64_E32_U1000_lr3.00E-04_R10_rep4_s4_training_curve.pdf
=== DDPG repeat 6/10 (seed=5) ===
update 1/1000  rollout_tail_disc (reset~uniform, H=64): 9.1272  mean_step_u 0.1293  noise_std 0.1000  ergodic_eval_mean_u(256p) 2.7293
update 100/1000  rollout_tail_disc (reset~uniform, H=64): -17.1358  mean_step_u -0.4642  noise_std 0.0921  ergodic_eval_mean_u(256p) 2.7598
update 200/1000  rollout_tail_disc (reset~uniform, H=64): -45.8683  mean_step_u -1.3433  noise_std 0.0841  ergodic_eval_mean_u(256p) 3.6953
update 300/1000  rollout_tail_disc (reset~uniform, H=64): -35.2729  mean_step_u -1.0881  noise_std 0.0761  ergodic_eval_mean_u(256p) 4.5981
update 400/1000  rollout_tail_disc (reset~uniform, H=64): -40.0111  mean_step_u -1.2384  noise_std 0.0680  ergodic_eval_mean_u(256p) 3.2259
update 500/1000  rollout_tail_disc (reset~uniform, H=64): -44.4304  mean_step_u -1.3513  noise_std 0.0600  ergodic_eval_mean_u(256p) 3.2385
update 600/1000  rollout_tail_disc (reset~uniform, H=64): -34.7399  mean_step_u -1.0812  noise_std 0.0520  ergodic_eval_mean_u(256p) 2.6992
update 700/1000  rollout_tail_disc (reset~uniform, H=64): -33.9942  mean_step_u -0.9973  noise_std 0.0440  ergodic_eval_mean_u(256p) 3.5905
update 800/1000  rollout_tail_disc (reset~uniform, H=64): -24.2386  mean_step_u -0.7946  noise_std 0.0360  ergodic_eval_mean_u(256p) 2.9508
update 900/1000  rollout_tail_disc (reset~uniform, H=64): -16.1556  mean_step_u -0.5139  noise_std 0.0280  ergodic_eval_mean_u(256p) 2.9521
update 1000/1000  rollout_tail_disc (reset~uniform, H=64): -4.6712  mean_step_u -0.1336  noise_std 0.0200  ergodic_eval_mean_u(256p) 3.2320
DDPG training wall time: 460.0s
Post-train eval (ergodic a,e + Markov r,w): mean discounted utility (T=182): 3.252356
VFI npz mean_discounted_utility: 5.653381
Saved metadata + curves to /home/chiyuan/Huggett/results/pe_ddpg_H64_E32_U1000_lr3.00E-04_R10_rep5_s5.pkl
Saved figure to /home/chiyuan/Huggett/results/pe_ddpg_H64_E32_U1000_lr3.00E-04_R10_rep5_s5_training_curve.pdf
=== DDPG repeat 7/10 (seed=6) ===
update 1/1000  rollout_tail_disc (reset~uniform, H=64): 9.6472  mean_step_u 0.1462  noise_std 0.1000  ergodic_eval_mean_u(256p) 3.0784
update 100/1000  rollout_tail_disc (reset~uniform, H=64): -21.0826  mean_step_u -0.5802  noise_std 0.0921  ergodic_eval_mean_u(256p) 3.3053
update 200/1000  rollout_tail_disc (reset~uniform, H=64): -22.6376  mean_step_u -0.6757  noise_std 0.0841  ergodic_eval_mean_u(256p) 4.5494
update 300/1000  rollout_tail_disc (reset~uniform, H=64): -25.7706  mean_step_u -0.7190  noise_std 0.0761  ergodic_eval_mean_u(256p) 4.8168
update 400/1000  rollout_tail_disc (reset~uniform, H=64): -25.9688  mean_step_u -0.7576  noise_std 0.0680  ergodic_eval_mean_u(256p) 3.3963
update 500/1000  rollout_tail_disc (reset~uniform, H=64): -23.0704  mean_step_u -0.6847  noise_std 0.0600  ergodic_eval_mean_u(256p) 4.9102
update 600/1000  rollout_tail_disc (reset~uniform, H=64): -17.0865  mean_step_u -0.4944  noise_std 0.0520  ergodic_eval_mean_u(256p) 4.7085
update 700/1000  rollout_tail_disc (reset~uniform, H=64): -16.1665  mean_step_u -0.4848  noise_std 0.0440  ergodic_eval_mean_u(256p) 5.3213
update 800/1000  rollout_tail_disc (reset~uniform, H=64): -6.3808  mean_step_u -0.1815  noise_std 0.0360  ergodic_eval_mean_u(256p) 4.8807
update 900/1000  rollout_tail_disc (reset~uniform, H=64): -2.0240  mean_step_u -0.0570  noise_std 0.0280  ergodic_eval_mean_u(256p) 5.4459
update 1000/1000  rollout_tail_disc (reset~uniform, H=64): 12.4146  mean_step_u 0.4087  noise_std 0.0200  ergodic_eval_mean_u(256p) 4.9508
DDPG training wall time: 457.3s
Post-train eval (ergodic a,e + Markov r,w): mean discounted utility (T=182): 5.058930
VFI npz mean_discounted_utility: 5.653381
Saved metadata + curves to /home/chiyuan/Huggett/results/pe_ddpg_H64_E32_U1000_lr3.00E-04_R10_rep6_s6.pkl
Saved figure to /home/chiyuan/Huggett/results/pe_ddpg_H64_E32_U1000_lr3.00E-04_R10_rep6_s6_training_curve.pdf
=== DDPG repeat 8/10 (seed=7) ===
update 1/1000  rollout_tail_disc (reset~uniform, H=64): 10.7919  mean_step_u 0.1650  noise_std 0.1000  ergodic_eval_mean_u(256p) 3.4289
update 100/1000  rollout_tail_disc (reset~uniform, H=64): -21.5724  mean_step_u -0.6241  noise_std 0.0921  ergodic_eval_mean_u(256p) 3.1897
update 200/1000  rollout_tail_disc (reset~uniform, H=64): -28.5628  mean_step_u -0.8300  noise_std 0.0841  ergodic_eval_mean_u(256p) 3.6243
update 300/1000  rollout_tail_disc (reset~uniform, H=64): -22.2372  mean_step_u -0.5277  noise_std 0.0761  ergodic_eval_mean_u(256p) 3.9734
update 400/1000  rollout_tail_disc (reset~uniform, H=64): -15.6095  mean_step_u -0.4472  noise_std 0.0680  ergodic_eval_mean_u(256p) 4.4237
update 500/1000  rollout_tail_disc (reset~uniform, H=64): -19.5879  mean_step_u -0.5525  noise_std 0.0600  ergodic_eval_mean_u(256p) 3.8248
update 600/1000  rollout_tail_disc (reset~uniform, H=64): -16.5426  mean_step_u -0.4855  noise_std 0.0520  ergodic_eval_mean_u(256p) 4.8859
update 700/1000  rollout_tail_disc (reset~uniform, H=64): -8.5290  mean_step_u -0.2759  noise_std 0.0440  ergodic_eval_mean_u(256p) 3.4598
update 800/1000  rollout_tail_disc (reset~uniform, H=64): -17.7468  mean_step_u -0.6113  noise_std 0.0360  ergodic_eval_mean_u(256p) 2.9630
update 900/1000  rollout_tail_disc (reset~uniform, H=64): -11.9254  mean_step_u -0.3454  noise_std 0.0280  ergodic_eval_mean_u(256p) 3.7636
update 1000/1000  rollout_tail_disc (reset~uniform, H=64): 4.3050  mean_step_u 0.1029  noise_std 0.0200  ergodic_eval_mean_u(256p) 3.8397
DDPG training wall time: 458.0s
Post-train eval (ergodic a,e + Markov r,w): mean discounted utility (T=182): 4.262799
VFI npz mean_discounted_utility: 5.653381
Saved metadata + curves to /home/chiyuan/Huggett/results/pe_ddpg_H64_E32_U1000_lr3.00E-04_R10_rep7_s7.pkl
Saved figure to /home/chiyuan/Huggett/results/pe_ddpg_H64_E32_U1000_lr3.00E-04_R10_rep7_s7_training_curve.pdf
=== DDPG repeat 9/10 (seed=8) ===
update 1/1000  rollout_tail_disc (reset~uniform, H=64): 11.2695  mean_step_u 0.1783  noise_std 0.1000  ergodic_eval_mean_u(256p) 2.9681
update 100/1000  rollout_tail_disc (reset~uniform, H=64): -7.9245  mean_step_u -0.2173  noise_std 0.0921  ergodic_eval_mean_u(256p) 3.1857
update 200/1000  rollout_tail_disc (reset~uniform, H=64): -32.4246  mean_step_u -0.9506  noise_std 0.0841  ergodic_eval_mean_u(256p) 2.5022
update 300/1000  rollout_tail_disc (reset~uniform, H=64): -41.4242  mean_step_u -1.3271  noise_std 0.0761  ergodic_eval_mean_u(256p) 3.5000
update 400/1000  rollout_tail_disc (reset~uniform, H=64): -44.4441  mean_step_u -1.4288  noise_std 0.0680  ergodic_eval_mean_u(256p) 3.9747
update 500/1000  rollout_tail_disc (reset~uniform, H=64): -43.3153  mean_step_u -1.3097  noise_std 0.0600  ergodic_eval_mean_u(256p) 4.7510
update 600/1000  rollout_tail_disc (reset~uniform, H=64): -41.9083  mean_step_u -1.3144  noise_std 0.0520  ergodic_eval_mean_u(256p) 4.8909
update 700/1000  rollout_tail_disc (reset~uniform, H=64): -27.7319  mean_step_u -0.8371  noise_std 0.0440  ergodic_eval_mean_u(256p) 5.0776
update 800/1000  rollout_tail_disc (reset~uniform, H=64): -26.6988  mean_step_u -0.8105  noise_std 0.0360  ergodic_eval_mean_u(256p) 4.4865
update 900/1000  rollout_tail_disc (reset~uniform, H=64): -18.6962  mean_step_u -0.6561  noise_std 0.0280  ergodic_eval_mean_u(256p) 5.6502
update 1000/1000  rollout_tail_disc (reset~uniform, H=64): -3.5392  mean_step_u -0.1121  noise_std 0.0200  ergodic_eval_mean_u(256p) 5.1172
DDPG training wall time: 458.7s
Post-train eval (ergodic a,e + Markov r,w): mean discounted utility (T=182): 5.063917
VFI npz mean_discounted_utility: 5.653381
Saved metadata + curves to /home/chiyuan/Huggett/results/pe_ddpg_H64_E32_U1000_lr3.00E-04_R10_rep8_s8.pkl
Saved figure to /home/chiyuan/Huggett/results/pe_ddpg_H64_E32_U1000_lr3.00E-04_R10_rep8_s8_training_curve.pdf
=== DDPG repeat 10/10 (seed=9) ===
update 1/1000  rollout_tail_disc (reset~uniform, H=64): 9.6998  mean_step_u 0.1477  noise_std 0.1000  ergodic_eval_mean_u(256p) 3.3981
update 100/1000  rollout_tail_disc (reset~uniform, H=64): -11.7602  mean_step_u -0.2532  noise_std 0.0921  ergodic_eval_mean_u(256p) 3.0207
update 200/1000  rollout_tail_disc (reset~uniform, H=64): -27.2606  mean_step_u -0.7553  noise_std 0.0841  ergodic_eval_mean_u(256p) 3.4114
update 300/1000  rollout_tail_disc (reset~uniform, H=64): -13.0066  mean_step_u -0.3628  noise_std 0.0761  ergodic_eval_mean_u(256p) 4.8561
update 400/1000  rollout_tail_disc (reset~uniform, H=64): -13.2622  mean_step_u -0.4357  noise_std 0.0680  ergodic_eval_mean_u(256p) 4.8861
update 500/1000  rollout_tail_disc (reset~uniform, H=64): -14.9636  mean_step_u -0.4868  noise_std 0.0600  ergodic_eval_mean_u(256p) 4.9404
update 600/1000  rollout_tail_disc (reset~uniform, H=64): -21.8811  mean_step_u -0.6901  noise_std 0.0520  ergodic_eval_mean_u(256p) 5.1866
update 700/1000  rollout_tail_disc (reset~uniform, H=64): -16.0860  mean_step_u -0.5020  noise_std 0.0440  ergodic_eval_mean_u(256p) 4.7710
update 800/1000  rollout_tail_disc (reset~uniform, H=64): -14.0395  mean_step_u -0.4504  noise_std 0.0360  ergodic_eval_mean_u(256p) 5.7068
update 900/1000  rollout_tail_disc (reset~uniform, H=64): 2.5091  mean_step_u 0.0633  noise_std 0.0280  ergodic_eval_mean_u(256p) 4.9656
update 1000/1000  rollout_tail_disc (reset~uniform, H=64): 6.6575  mean_step_u 0.1889  noise_std 0.0200  ergodic_eval_mean_u(256p) 5.4093
DDPG training wall time: 458.7s
Post-train eval (ergodic a,e + Markov r,w): mean discounted utility (T=182): 5.235781
VFI npz mean_discounted_utility: 5.653381
Saved metadata + curves to /home/chiyuan/Huggett/results/pe_ddpg_H64_E32_U1000_lr3.00E-04_R10_rep9_s9.pkl
Saved figure to /home/chiyuan/Huggett/results/pe_ddpg_H64_E32_U1000_lr3.00E-04_R10_rep9_s9_training_curve.pdf
