=== PPO repeat 1/10 (seed=0) ===
update 1/1000  rollout_tail_disc (reset~uniform, H=64): 3.0883  mean_step_u -0.0659  ergodic_eval_mean_u(256p) 3.5248
update 100/1000  rollout_tail_disc (reset~uniform, H=64): 24.6843  mean_step_u 0.7545  ergodic_eval_mean_u(256p) 4.9869
update 200/1000  rollout_tail_disc (reset~uniform, H=64): 24.4840  mean_step_u 0.7509  ergodic_eval_mean_u(256p) 5.2012
update 300/1000  rollout_tail_disc (reset~uniform, H=64): 27.1186  mean_step_u 0.8336  ergodic_eval_mean_u(256p) 5.2353
update 400/1000  rollout_tail_disc (reset~uniform, H=64): 23.0108  mean_step_u 0.7134  ergodic_eval_mean_u(256p) 6.3967
update 500/1000  rollout_tail_disc (reset~uniform, H=64): 25.2588  mean_step_u 0.7917  ergodic_eval_mean_u(256p) 5.0527
update 600/1000  rollout_tail_disc (reset~uniform, H=64): 23.1168  mean_step_u 0.7217  ergodic_eval_mean_u(256p) 5.2461
update 700/1000  rollout_tail_disc (reset~uniform, H=64): 24.2585  mean_step_u 0.7524  ergodic_eval_mean_u(256p) 5.8173
update 800/1000  rollout_tail_disc (reset~uniform, H=64): 25.8408  mean_step_u 0.7916  ergodic_eval_mean_u(256p) 5.3238
update 900/1000  rollout_tail_disc (reset~uniform, H=64): 23.7234  mean_step_u 0.7363  ergodic_eval_mean_u(256p) 5.4425
update 1000/1000  rollout_tail_disc (reset~uniform, H=64): 20.8113  mean_step_u 0.6349  ergodic_eval_mean_u(256p) 5.3561
PPO training wall time: 2359.0s
Post-train eval (ergodic a,e + Markov r,w, same as PEEnv): mean discounted utility (T=182): 5.508767
VFI npz mean_discounted_utility (may use different r,w law in MC): 5.653381
Saved metadata + curves to /home/chiyuan/Huggett/results/pe_ppo_H64_E32_U1000_lr3.00E-04_R10_rep0_s0.pkl
Saved figure to /home/chiyuan/Huggett/results/pe_ppo_H64_E32_U1000_lr3.00E-04_R10_rep0_s0_training_curve.pdf
=== PPO repeat 2/10 (seed=1) ===
update 1/1000  rollout_tail_disc (reset~uniform, H=64): 2.7775  mean_step_u -0.0450  ergodic_eval_mean_u(256p) 2.9683
update 100/1000  rollout_tail_disc (reset~uniform, H=64): 24.2304  mean_step_u 0.7415  ergodic_eval_mean_u(256p) 5.0637
update 200/1000  rollout_tail_disc (reset~uniform, H=64): 28.3389  mean_step_u 0.8649  ergodic_eval_mean_u(256p) 5.9457
update 300/1000  rollout_tail_disc (reset~uniform, H=64): 25.6738  mean_step_u 0.7874  ergodic_eval_mean_u(256p) 4.7536
update 400/1000  rollout_tail_disc (reset~uniform, H=64): 25.0137  mean_step_u 0.7691  ergodic_eval_mean_u(256p) 5.0698
update 500/1000  rollout_tail_disc (reset~uniform, H=64): 23.2245  mean_step_u 0.7128  ergodic_eval_mean_u(256p) 5.3071
update 600/1000  rollout_tail_disc (reset~uniform, H=64): 23.0518  mean_step_u 0.7054  ergodic_eval_mean_u(256p) 5.6319
update 700/1000  rollout_tail_disc (reset~uniform, H=64): 21.5772  mean_step_u 0.6673  ergodic_eval_mean_u(256p) 5.0938
update 800/1000  rollout_tail_disc (reset~uniform, H=64): 29.1932  mean_step_u 0.8963  ergodic_eval_mean_u(256p) 4.9670
update 900/1000  rollout_tail_disc (reset~uniform, H=64): 24.2501  mean_step_u 0.7366  ergodic_eval_mean_u(256p) 6.1104
update 1000/1000  rollout_tail_disc (reset~uniform, H=64): 25.1012  mean_step_u 0.7859  ergodic_eval_mean_u(256p) 5.2325
PPO training wall time: 2351.1s
Post-train eval (ergodic a,e + Markov r,w, same as PEEnv): mean discounted utility (T=182): 5.183351
VFI npz mean_discounted_utility (may use different r,w law in MC): 5.653381
Saved metadata + curves to /home/chiyuan/Huggett/results/pe_ppo_H64_E32_U1000_lr3.00E-04_R10_rep1_s1.pkl
Saved figure to /home/chiyuan/Huggett/results/pe_ppo_H64_E32_U1000_lr3.00E-04_R10_rep1_s1_training_curve.pdf
=== PPO repeat 3/10 (seed=2) ===
update 1/1000  rollout_tail_disc (reset~uniform, H=64): 3.2364  mean_step_u -0.0538  ergodic_eval_mean_u(256p) 2.9146
update 100/1000  rollout_tail_disc (reset~uniform, H=64): 23.3991  mean_step_u 0.6990  ergodic_eval_mean_u(256p) 4.4870
update 200/1000  rollout_tail_disc (reset~uniform, H=64): 20.6537  mean_step_u 0.6232  ergodic_eval_mean_u(256p) 5.0743
update 300/1000  rollout_tail_disc (reset~uniform, H=64): 21.6147  mean_step_u 0.6691  ergodic_eval_mean_u(256p) 5.7094
update 400/1000  rollout_tail_disc (reset~uniform, H=64): 22.8241  mean_step_u 0.7037  ergodic_eval_mean_u(256p) 5.3484
update 500/1000  rollout_tail_disc (reset~uniform, H=64): 22.5505  mean_step_u 0.6879  ergodic_eval_mean_u(256p) 5.3475
update 600/1000  rollout_tail_disc (reset~uniform, H=64): 21.1363  mean_step_u 0.6419  ergodic_eval_mean_u(256p) 5.2866
update 700/1000  rollout_tail_disc (reset~uniform, H=64): 26.5896  mean_step_u 0.8260  ergodic_eval_mean_u(256p) 5.6498
update 800/1000  rollout_tail_disc (reset~uniform, H=64): 25.5947  mean_step_u 0.8004  ergodic_eval_mean_u(256p) 5.5390
update 900/1000  rollout_tail_disc (reset~uniform, H=64): 25.9721  mean_step_u 0.7934  ergodic_eval_mean_u(256p) 4.4135
update 1000/1000  rollout_tail_disc (reset~uniform, H=64): 24.7743  mean_step_u 0.7620  ergodic_eval_mean_u(256p) 4.7564
PPO training wall time: 2346.4s
Post-train eval (ergodic a,e + Markov r,w, same as PEEnv): mean discounted utility (T=182): 4.713054
VFI npz mean_discounted_utility (may use different r,w law in MC): 5.653381
Saved metadata + curves to /home/chiyuan/Huggett/results/pe_ppo_H64_E32_U1000_lr3.00E-04_R10_rep2_s2.pkl
Saved figure to /home/chiyuan/Huggett/results/pe_ppo_H64_E32_U1000_lr3.00E-04_R10_rep2_s2_training_curve.pdf
=== PPO repeat 4/10 (seed=3) ===
update 1/1000  rollout_tail_disc (reset~uniform, H=64): 2.7120  mean_step_u -0.0788  ergodic_eval_mean_u(256p) 3.4918
update 100/1000  rollout_tail_disc (reset~uniform, H=64): 21.5490  mean_step_u 0.6625  ergodic_eval_mean_u(256p) 5.1676
update 200/1000  rollout_tail_disc (reset~uniform, H=64): 24.9357  mean_step_u 0.7642  ergodic_eval_mean_u(256p) 5.5177
update 300/1000  rollout_tail_disc (reset~uniform, H=64): 25.2122  mean_step_u 0.7805  ergodic_eval_mean_u(256p) 4.9649
update 400/1000  rollout_tail_disc (reset~uniform, H=64): 25.8587  mean_step_u 0.7941  ergodic_eval_mean_u(256p) 5.3351
update 500/1000  rollout_tail_disc (reset~uniform, H=64): 25.0587  mean_step_u 0.7658  ergodic_eval_mean_u(256p) 5.1393
update 600/1000  rollout_tail_disc (reset~uniform, H=64): 25.9699  mean_step_u 0.8000  ergodic_eval_mean_u(256p) 5.9086
update 700/1000  rollout_tail_disc (reset~uniform, H=64): 25.5588  mean_step_u 0.7951  ergodic_eval_mean_u(256p) 4.8002
update 800/1000  rollout_tail_disc (reset~uniform, H=64): 23.0202  mean_step_u 0.7114  ergodic_eval_mean_u(256p) 5.2645
update 900/1000  rollout_tail_disc (reset~uniform, H=64): 22.6974  mean_step_u 0.6933  ergodic_eval_mean_u(256p) 5.0844
update 1000/1000  rollout_tail_disc (reset~uniform, H=64): 24.0124  mean_step_u 0.7311  ergodic_eval_mean_u(256p) 4.4268
PPO training wall time: 2348.3s
Post-train eval (ergodic a,e + Markov r,w, same as PEEnv): mean discounted utility (T=182): 4.924435
VFI npz mean_discounted_utility (may use different r,w law in MC): 5.653381
Saved metadata + curves to /home/chiyuan/Huggett/results/pe_ppo_H64_E32_U1000_lr3.00E-04_R10_rep3_s3.pkl
Saved figure to /home/chiyuan/Huggett/results/pe_ppo_H64_E32_U1000_lr3.00E-04_R10_rep3_s3_training_curve.pdf
=== PPO repeat 5/10 (seed=4) ===
update 1/1000  rollout_tail_disc (reset~uniform, H=64): 4.2945  mean_step_u -0.0269  ergodic_eval_mean_u(256p) 2.8858
update 100/1000  rollout_tail_disc (reset~uniform, H=64): 20.7465  mean_step_u 0.6258  ergodic_eval_mean_u(256p) 5.3440
update 200/1000  rollout_tail_disc (reset~uniform, H=64): 23.1344  mean_step_u 0.7077  ergodic_eval_mean_u(256p) 5.2231
update 300/1000  rollout_tail_disc (reset~uniform, H=64): 25.3901  mean_step_u 0.7790  ergodic_eval_mean_u(256p) 5.4900
update 400/1000  rollout_tail_disc (reset~uniform, H=64): 26.2133  mean_step_u 0.7992  ergodic_eval_mean_u(256p) 4.8921
update 500/1000  rollout_tail_disc (reset~uniform, H=64): 21.3656  mean_step_u 0.6551  ergodic_eval_mean_u(256p) 4.9771
update 600/1000  rollout_tail_disc (reset~uniform, H=64): 25.8867  mean_step_u 0.7999  ergodic_eval_mean_u(256p) 5.6956
update 700/1000  rollout_tail_disc (reset~uniform, H=64): 23.6329  mean_step_u 0.7333  ergodic_eval_mean_u(256p) 5.0529
update 800/1000  rollout_tail_disc (reset~uniform, H=64): 24.7179  mean_step_u 0.7644  ergodic_eval_mean_u(256p) 4.2217
update 900/1000  rollout_tail_disc (reset~uniform, H=64): 23.6180  mean_step_u 0.7156  ergodic_eval_mean_u(256p) 4.9497
update 1000/1000  rollout_tail_disc (reset~uniform, H=64): 22.9173  mean_step_u 0.7099  ergodic_eval_mean_u(256p) 5.0129
PPO training wall time: 2347.7s
Post-train eval (ergodic a,e + Markov r,w, same as PEEnv): mean discounted utility (T=182): 5.332045
VFI npz mean_discounted_utility (may use different r,w law in MC): 5.653381
Saved metadata + curves to /home/chiyuan/Huggett/results/pe_ppo_H64_E32_U1000_lr3.00E-04_R10_rep4_s4.pkl
Saved figure to /home/chiyuan/Huggett/results/pe_ppo_H64_E32_U1000_lr3.00E-04_R10_rep4_s4_training_curve.pdf
=== PPO repeat 6/10 (seed=5) ===
update 1/1000  rollout_tail_disc (reset~uniform, H=64): 4.3888  mean_step_u -0.0097  ergodic_eval_mean_u(256p) 2.8049
update 100/1000  rollout_tail_disc (reset~uniform, H=64): 25.2532  mean_step_u 0.7697  ergodic_eval_mean_u(256p) 4.5390
update 200/1000  rollout_tail_disc (reset~uniform, H=64): 24.2640  mean_step_u 0.7458  ergodic_eval_mean_u(256p) 5.5216
update 300/1000  rollout_tail_disc (reset~uniform, H=64): 28.2434  mean_step_u 0.8675  ergodic_eval_mean_u(256p) 4.9848
update 400/1000  rollout_tail_disc (reset~uniform, H=64): 19.5873  mean_step_u 0.5993  ergodic_eval_mean_u(256p) 5.4640
update 500/1000  rollout_tail_disc (reset~uniform, H=64): 23.9177  mean_step_u 0.7362  ergodic_eval_mean_u(256p) 5.6251
update 600/1000  rollout_tail_disc (reset~uniform, H=64): 24.4832  mean_step_u 0.7499  ergodic_eval_mean_u(256p) 5.2543
update 700/1000  rollout_tail_disc (reset~uniform, H=64): 24.1314  mean_step_u 0.7354  ergodic_eval_mean_u(256p) 5.7048
update 800/1000  rollout_tail_disc (reset~uniform, H=64): 21.9954  mean_step_u 0.6860  ergodic_eval_mean_u(256p) 5.5122
update 900/1000  rollout_tail_disc (reset~uniform, H=64): 25.1213  mean_step_u 0.7708  ergodic_eval_mean_u(256p) 5.3323
update 1000/1000  rollout_tail_disc (reset~uniform, H=64): 21.9772  mean_step_u 0.6753  ergodic_eval_mean_u(256p) 5.4274
PPO training wall time: 2357.5s
Post-train eval (ergodic a,e + Markov r,w, same as PEEnv): mean discounted utility (T=182): 5.405359
VFI npz mean_discounted_utility (may use different r,w law in MC): 5.653381
Saved metadata + curves to /home/chiyuan/Huggett/results/pe_ppo_H64_E32_U1000_lr3.00E-04_R10_rep5_s5.pkl
Saved figure to /home/chiyuan/Huggett/results/pe_ppo_H64_E32_U1000_lr3.00E-04_R10_rep5_s5_training_curve.pdf
=== PPO repeat 7/10 (seed=6) ===
update 1/1000  rollout_tail_disc (reset~uniform, H=64): 3.0076  mean_step_u -0.0349  ergodic_eval_mean_u(256p) 2.9655
update 100/1000  rollout_tail_disc (reset~uniform, H=64): 22.4512  mean_step_u 0.6695  ergodic_eval_mean_u(256p) 4.6483
update 200/1000  rollout_tail_disc (reset~uniform, H=64): 25.0769  mean_step_u 0.7671  ergodic_eval_mean_u(256p) 5.4317
update 300/1000  rollout_tail_disc (reset~uniform, H=64): 23.3134  mean_step_u 0.7189  ergodic_eval_mean_u(256p) 5.8127
update 400/1000  rollout_tail_disc (reset~uniform, H=64): 26.7472  mean_step_u 0.8144  ergodic_eval_mean_u(256p) 3.8635
update 500/1000  rollout_tail_disc (reset~uniform, H=64): 28.1587  mean_step_u 0.8666  ergodic_eval_mean_u(256p) 5.3835
update 600/1000  rollout_tail_disc (reset~uniform, H=64): 23.4653  mean_step_u 0.7188  ergodic_eval_mean_u(256p) 4.7622
update 700/1000  rollout_tail_disc (reset~uniform, H=64): 25.4692  mean_step_u 0.7911  ergodic_eval_mean_u(256p) 5.6202
update 800/1000  rollout_tail_disc (reset~uniform, H=64): 23.8733  mean_step_u 0.7431  ergodic_eval_mean_u(256p) 5.1609
update 900/1000  rollout_tail_disc (reset~uniform, H=64): 24.2637  mean_step_u 0.7442  ergodic_eval_mean_u(256p) 5.9119
update 1000/1000  rollout_tail_disc (reset~uniform, H=64): 24.4253  mean_step_u 0.7501  ergodic_eval_mean_u(256p) 5.3904
PPO training wall time: 2354.8s
Post-train eval (ergodic a,e + Markov r,w, same as PEEnv): mean discounted utility (T=182): 5.462036
VFI npz mean_discounted_utility (may use different r,w law in MC): 5.653381
Saved metadata + curves to /home/chiyuan/Huggett/results/pe_ppo_H64_E32_U1000_lr3.00E-04_R10_rep6_s6.pkl
Saved figure to /home/chiyuan/Huggett/results/pe_ppo_H64_E32_U1000_lr3.00E-04_R10_rep6_s6_training_curve.pdf
=== PPO repeat 8/10 (seed=7) ===
update 1/1000  rollout_tail_disc (reset~uniform, H=64): 3.0933  mean_step_u -0.0573  ergodic_eval_mean_u(256p) 3.3174
update 100/1000  rollout_tail_disc (reset~uniform, H=64): 22.8345  mean_step_u 0.6825  ergodic_eval_mean_u(256p) 4.5820
update 200/1000  rollout_tail_disc (reset~uniform, H=64): 28.8588  mean_step_u 0.8700  ergodic_eval_mean_u(256p) 4.9435
update 300/1000  rollout_tail_disc (reset~uniform, H=64): 21.5258  mean_step_u 0.6646  ergodic_eval_mean_u(256p) 5.1204
update 400/1000  rollout_tail_disc (reset~uniform, H=64): 19.9485  mean_step_u 0.6111  ergodic_eval_mean_u(256p) 5.1275
update 500/1000  rollout_tail_disc (reset~uniform, H=64): 25.0587  mean_step_u 0.7777  ergodic_eval_mean_u(256p) 4.8543
update 600/1000  rollout_tail_disc (reset~uniform, H=64): 24.2481  mean_step_u 0.7496  ergodic_eval_mean_u(256p) 6.1569
update 700/1000  rollout_tail_disc (reset~uniform, H=64): 25.2924  mean_step_u 0.7755  ergodic_eval_mean_u(256p) 5.5669
update 800/1000  rollout_tail_disc (reset~uniform, H=64): 20.9074  mean_step_u 0.6562  ergodic_eval_mean_u(256p) 5.6159
update 900/1000  rollout_tail_disc (reset~uniform, H=64): 26.5296  mean_step_u 0.8155  ergodic_eval_mean_u(256p) 5.4057
update 1000/1000  rollout_tail_disc (reset~uniform, H=64): 21.8548  mean_step_u 0.6757  ergodic_eval_mean_u(256p) 5.0868
PPO training wall time: 2338.9s
Post-train eval (ergodic a,e + Markov r,w, same as PEEnv): mean discounted utility (T=182): 5.546339
VFI npz mean_discounted_utility (may use different r,w law in MC): 5.653381
Saved metadata + curves to /home/chiyuan/Huggett/results/pe_ppo_H64_E32_U1000_lr3.00E-04_R10_rep7_s7.pkl
Saved figure to /home/chiyuan/Huggett/results/pe_ppo_H64_E32_U1000_lr3.00E-04_R10_rep7_s7_training_curve.pdf
=== PPO repeat 9/10 (seed=8) ===
update 1/1000  rollout_tail_disc (reset~uniform, H=64): 1.7313  mean_step_u -0.0616  ergodic_eval_mean_u(256p) 3.0520
update 100/1000  rollout_tail_disc (reset~uniform, H=64): 20.5717  mean_step_u 0.6176  ergodic_eval_mean_u(256p) 4.8343
update 200/1000  rollout_tail_disc (reset~uniform, H=64): 20.8055  mean_step_u 0.6372  ergodic_eval_mean_u(256p) 4.9431
update 300/1000  rollout_tail_disc (reset~uniform, H=64): 24.8627  mean_step_u 0.7630  ergodic_eval_mean_u(256p) 5.9588
update 400/1000  rollout_tail_disc (reset~uniform, H=64): 27.1649  mean_step_u 0.8331  ergodic_eval_mean_u(256p) 5.2663
update 500/1000  rollout_tail_disc (reset~uniform, H=64): 24.9760  mean_step_u 0.7677  ergodic_eval_mean_u(256p) 5.2079
update 600/1000  rollout_tail_disc (reset~uniform, H=64): 24.5181  mean_step_u 0.7566  ergodic_eval_mean_u(256p) 5.5248
update 700/1000  rollout_tail_disc (reset~uniform, H=64): 24.9026  mean_step_u 0.7636  ergodic_eval_mean_u(256p) 5.3676
update 800/1000  rollout_tail_disc (reset~uniform, H=64): 23.8070  mean_step_u 0.7401  ergodic_eval_mean_u(256p) 4.8779
update 900/1000  rollout_tail_disc (reset~uniform, H=64): 25.4732  mean_step_u 0.7770  ergodic_eval_mean_u(256p) 5.8436
update 1000/1000  rollout_tail_disc (reset~uniform, H=64): 23.9797  mean_step_u 0.7311  ergodic_eval_mean_u(256p) 5.6595
PPO training wall time: 2368.4s
Post-train eval (ergodic a,e + Markov r,w, same as PEEnv): mean discounted utility (T=182): 5.564174
VFI npz mean_discounted_utility (may use different r,w law in MC): 5.653381
Saved metadata + curves to /home/chiyuan/Huggett/results/pe_ppo_H64_E32_U1000_lr3.00E-04_R10_rep8_s8.pkl
Saved figure to /home/chiyuan/Huggett/results/pe_ppo_H64_E32_U1000_lr3.00E-04_R10_rep8_s8_training_curve.pdf
=== PPO repeat 10/10 (seed=9) ===
update 1/1000  rollout_tail_disc (reset~uniform, H=64): 3.7401  mean_step_u -0.0217  ergodic_eval_mean_u(256p) 2.9570
update 100/1000  rollout_tail_disc (reset~uniform, H=64): 21.5329  mean_step_u 0.6547  ergodic_eval_mean_u(256p) 4.7878
update 200/1000  rollout_tail_disc (reset~uniform, H=64): 22.8852  mean_step_u 0.6988  ergodic_eval_mean_u(256p) 4.6905
update 300/1000  rollout_tail_disc (reset~uniform, H=64): 22.7435  mean_step_u 0.6965  ergodic_eval_mean_u(256p) 5.4333
update 400/1000  rollout_tail_disc (reset~uniform, H=64): 26.5373  mean_step_u 0.8199  ergodic_eval_mean_u(256p) 5.5482
update 500/1000  rollout_tail_disc (reset~uniform, H=64): 25.1939  mean_step_u 0.7741  ergodic_eval_mean_u(256p) 5.4053
update 600/1000  rollout_tail_disc (reset~uniform, H=64): 21.7845  mean_step_u 0.6651  ergodic_eval_mean_u(256p) 5.0985
update 700/1000  rollout_tail_disc (reset~uniform, H=64): 25.5481  mean_step_u 0.7811  ergodic_eval_mean_u(256p) 4.2611
update 800/1000  rollout_tail_disc (reset~uniform, H=64): 24.3108  mean_step_u 0.7527  ergodic_eval_mean_u(256p) 5.5137
update 900/1000  rollout_tail_disc (reset~uniform, H=64): 26.2486  mean_step_u 0.8130  ergodic_eval_mean_u(256p) 5.3188
update 1000/1000  rollout_tail_disc (reset~uniform, H=64): 27.4527  mean_step_u 0.8554  ergodic_eval_mean_u(256p) 4.9301
PPO training wall time: 2350.1s
Post-train eval (ergodic a,e + Markov r,w, same as PEEnv): mean discounted utility (T=182): 4.773545
VFI npz mean_discounted_utility (may use different r,w law in MC): 5.653381
Saved metadata + curves to /home/chiyuan/Huggett/results/pe_ppo_H64_E32_U1000_lr3.00E-04_R10_rep9_s9.pkl
Saved figure to /home/chiyuan/Huggett/results/pe_ppo_H64_E32_U1000_lr3.00E-04_R10_rep9_s9_training_curve.pdf
